
> open-film-web@0.1.0 dev
> vite


  VITE v6.4.1  ready in 139 ms

  ➜  Local:   http://localhost:17780/
  ➜  Network: use --host to expose
5:07:42 PM [vite] (client) page reload src/router.tsx
5:07:48 PM [vite] (client) page reload src/router.tsx
5:07:56 PM [vite] (client) hmr update /src/features/project/ProjectLayout.tsx, /src/index.css
5:08:04 PM [vite] (client) hmr update /src/features/project/ProjectLayout.tsx, /src/index.css
5:08:14 PM [vite] (client) hmr update /src/features/project/ProjectLayout.tsx, /src/index.css
5:11:02 PM [vite] (client) hmr update /src/index.css, /src/features/storyboard/StoryboardModule.tsx
8:31:56 PM [vite] (client) hmr update /src/index.css, /src/features/storyboard/StoryboardModule.tsx
8:31:56 PM [vite] (client) Pre-transform error: Failed to load url /src/features/storyboard/mockData.ts (resolved id: /Users/lxd/Projects/ai/open-film/open-film-service/web/src/features/storyboard/mockData.ts) in /Users/lxd/Projects/ai/open-film/open-film-service/web/src/index.css. Does the file exist?
8:33:04 PM [vite] (client) hmr update /src/index.css, /src/features/storyboard/StoryboardModule.tsx
8:33:09 PM [vite] (client) hmr update /src/index.css, /src/features/storyboard/StoryboardModule.tsx
8:37:03 PM [vite] (client) hmr update /src/features/storyboard/StoryboardModule.tsx, /src/index.css
8:37:19 PM [vite] (client) hmr update /src/features/storyboard/StoryboardModule.tsx, /src/index.css
8:37:29 PM [vite] (client) hmr update /src/features/storyboard/components/CameraMovementOverlay.tsx, /src/index.css
8:37:39 PM [vite] (client) hmr update /src/features/storyboard/components/MainContent.tsx, /src/index.css
8:37:54 PM [vite] (client) hmr update /src/features/storyboard/components/MainContent.tsx, /src/index.css
8:38:03 PM [vite] (client) hmr update /src/features/storyboard/components/Sidebar.tsx, /src/index.css
8:38:16 PM [vite] (client) hmr update /src/features/storyboard/components/ui.tsx, /src/index.css
8:38:34 PM [vite] (client) hmr update /src/features/storyboard/components/ui.tsx, /src/index.css
8:38:40 PM [vite] (client) hmr update /src/features/storyboard/components/ui.tsx, /src/index.css
8:39:05 PM [vite] (client) hmr update /src/features/storyboard/components/ui.tsx, /src/index.css
8:39:26 PM [vite] (client) hmr update /src/features/storyboard/components/ui.tsx, /src/index.css
9:24:22 PM [vite] (client) hmr update /src/index.css, /src/features/storyboard/StoryboardModule.tsx, /src/features/storyboard/components/Sidebar.tsx, /src/features/storyboard/components/MainContent.tsx
9:26:54 PM [vite] (client) hmr update /src/features/storyboard/components/MainContent.tsx, /src/index.css
9:27:03 PM [vite] (client) hmr update /src/features/storyboard/components/MainContent.tsx, /src/index.css
9:28:01 PM [vite] (client) hmr update /src/features/storyboard/components/MainContent.tsx, /src/index.css
9:29:25 PM [vite] (client) hmr update /src/features/storyboard/components/MainContent.tsx, /src/index.css
9:30:14 PM [vite] (client) hmr update /src/features/storyboard/components/AIGenerateModal.tsx, /src/index.css
9:30:30 PM [vite] (client) hmr update /src/features/storyboard/components/KeyframeEditDialog.tsx, /src/index.css
9:30:42 PM [vite] (client) hmr update /src/features/storyboard/components/MainContent.tsx, /src/index.css
9:30:50 PM [vite] (client) hmr update /src/features/storyboard/components/MainContent.tsx, /src/index.css
9:31:09 PM [vite] (client) hmr update /src/features/storyboard/components/MainContent.tsx, /src/index.css
9:31:34 PM [vite] (client) hmr update /src/features/storyboard/components/MainContent.tsx, /src/index.css
9:32:03 PM [vite] (client) hmr update /src/features/storyboard/components/MainContent.tsx, /src/index.css
9:32:32 PM [vite] (client) hmr update /src/features/storyboard/components/MainContent.tsx, /src/index.css
9:32:40 PM [vite] (client) hmr update /src/features/storyboard/components/MainContent.tsx, /src/index.css
9:32:53 PM [vite] (client) hmr update /src/features/storyboard/components/MainContent.tsx, /src/index.css
9:59:23 PM [vite] (client) hmr update /src/features/storyboard/components/MainContent.tsx, /src/index.css
10:53:49 PM [vite] (client) hmr update /src/index.css, /src/features/storyboard/StoryboardModule.tsx, /src/features/storyboard/components/Sidebar.tsx, /src/features/storyboard/components/MainContent.tsx, /src/features/storyboard/components/KeyframeEditDialog.tsx, /src/features/storyboard/components/AIGenerateModal.tsx
10:54:37 PM [vite] (client) hmr update /src/index.css, /src/features/storyboard/StoryboardModule.tsx, /src/features/storyboard/components/Sidebar.tsx, /src/features/storyboard/components/MainContent.tsx, /src/features/storyboard/components/KeyframeEditDialog.tsx, /src/features/storyboard/components/AIGenerateModal.tsx
10:55:12 PM [vite] (client) hmr update /src/index.css, /src/features/storyboard/StoryboardModule.tsx, /src/features/storyboard/components/Sidebar.tsx, /src/features/storyboard/components/MainContent.tsx, /src/features/storyboard/components/KeyframeEditDialog.tsx, /src/features/storyboard/components/AIGenerateModal.tsx
10:55:12 PM [vite] (client) Pre-transform error: Transform failed with 1 error:
/Users/lxd/Projects/ai/open-film/open-film-service/web/src/features/storyboard/store.ts:97:86: ERROR: Expected "}" but found ")"
  Plugin: vite:esbuild
  File: /Users/lxd/Projects/ai/open-film/open-film-service/web/src/features/storyboard/store.ts:97:86
  
  Expected "}" but found ")"
  95 |    setViewMode: (mode) => set({ viewMode: mode }),
  96 |    setStoryPages: (pages) => set({ storyPages: pages }),
  97 |    setShots: (shots) => set({ shots: typeof shots === 'function' ? shots([]) : shots })),
     |                                                                                        ^
  98 |    setKeyframes: (keyframes) => set({ keyframes: typeof keyframes === 'function' ? keyframes([]) : keyframes })),
  99 |  
  
10:55:12 PM [vite] (client) Pre-transform error: Transform failed with 1 error:
/Users/lxd/Projects/ai/open-film/open-film-service/web/src/features/storyboard/store.ts:97:86: ERROR: Expected "}" but found ")"
  Plugin: vite:esbuild
  File: /Users/lxd/Projects/ai/open-film/open-film-service/web/src/features/storyboard/store.ts:97:86
  
  Expected "}" but found ")"
  95 |    setViewMode: (mode) => set({ viewMode: mode }),
  96 |    setStoryPages: (pages) => set({ storyPages: pages }),
  97 |    setShots: (shots) => set({ shots: typeof shots === 'function' ? shots([]) : shots })),
     |                                                                                        ^
  98 |    setKeyframes: (keyframes) => set({ keyframes: typeof keyframes === 'function' ? keyframes([]) : keyframes })),
  99 |  
  
10:55:12 PM [vite] (client) Pre-transform error: Transform failed with 1 error:
/Users/lxd/Projects/ai/open-film/open-film-service/web/src/features/storyboard/store.ts:97:86: ERROR: Expected "}" but found ")"
  Plugin: vite:esbuild
  File: /Users/lxd/Projects/ai/open-film/open-film-service/web/src/features/storyboard/store.ts:97:86
  
  Expected "}" but found ")"
  95 |    setViewMode: (mode) => set({ viewMode: mode }),
  96 |    setStoryPages: (pages) => set({ storyPages: pages }),
  97 |    setShots: (shots) => set({ shots: typeof shots === 'function' ? shots([]) : shots })),
     |                                                                                        ^
  98 |    setKeyframes: (keyframes) => set({ keyframes: typeof keyframes === 'function' ? keyframes([]) : keyframes })),
  99 |  
  
10:55:12 PM [vite] (client) Pre-transform error: Transform failed with 1 error:
/Users/lxd/Projects/ai/open-film/open-film-service/web/src/features/storyboard/store.ts:97:86: ERROR: Expected "}" but found ")"
  Plugin: vite:esbuild
  File: /Users/lxd/Projects/ai/open-film/open-film-service/web/src/features/storyboard/store.ts:97:86
  
  Expected "}" but found ")"
  95 |    setViewMode: (mode) => set({ viewMode: mode }),
  96 |    setStoryPages: (pages) => set({ storyPages: pages }),
  97 |    setShots: (shots) => set({ shots: typeof shots === 'function' ? shots([]) : shots })),
     |                                                                                        ^
  98 |    setKeyframes: (keyframes) => set({ keyframes: typeof keyframes === 'function' ? keyframes([]) : keyframes })),
  99 |  
  
10:55:12 PM [vite] Internal server error: Transform failed with 1 error:
/Users/lxd/Projects/ai/open-film/open-film-service/web/src/features/storyboard/store.ts:97:86: ERROR: Expected "}" but found ")"
  Plugin: vite:esbuild
  File: /Users/lxd/Projects/ai/open-film/open-film-service/web/src/features/storyboard/store.ts:97:86
  
  Expected "}" but found ")"
  95 |    setViewMode: (mode) => set({ viewMode: mode }),
  96 |    setStoryPages: (pages) => set({ storyPages: pages }),
  97 |    setShots: (shots) => set({ shots: typeof shots === 'function' ? shots([]) : shots })),
     |                                                                                        ^
  98 |    setKeyframes: (keyframes) => set({ keyframes: typeof keyframes === 'function' ? keyframes([]) : keyframes })),
  99 |  
  
      at failureErrorWithLog (/Users/lxd/Projects/ai/open-film/open-film-service/web/node_modules/esbuild/lib/main.js:1467:15)
      at /Users/lxd/Projects/ai/open-film/open-film-service/web/node_modules/esbuild/lib/main.js:736:50
      at responseCallbacks.<computed> (/Users/lxd/Projects/ai/open-film/open-film-service/web/node_modules/esbuild/lib/main.js:603:9)
      at handleIncomingPacket (/Users/lxd/Projects/ai/open-film/open-film-service/web/node_modules/esbuild/lib/main.js:658:12)
      at Socket.readFromStdout (/Users/lxd/Projects/ai/open-film/open-film-service/web/node_modules/esbuild/lib/main.js:581:7)
      at Socket.emit (node:events:508:20)
      at addChunk (node:internal/streams/readable:564:12)
      at readableAddChunkPushByteMode (node:internal/streams/readable:515:3)
      at Readable.push (node:internal/streams/readable:395:5)
      at Pipe.onStreamRead (node:internal/stream_base_commons:189:23)
10:55:12 PM [vite] (client) Pre-transform error: Transform failed with 1 error:
/Users/lxd/Projects/ai/open-film/open-film-service/web/src/features/storyboard/store.ts:97:86: ERROR: Expected "}" but found ")"
  Plugin: vite:esbuild
  File: /Users/lxd/Projects/ai/open-film/open-film-service/web/src/features/storyboard/store.ts:97:86
  
  Expected "}" but found ")"
  95 |    setViewMode: (mode) => set({ viewMode: mode }),
  96 |    setStoryPages: (pages) => set({ storyPages: pages }),
  97 |    setShots: (shots) => set({ shots: typeof shots === 'function' ? shots([]) : shots })),
     |                                                                                        ^
  98 |    setKeyframes: (keyframes) => set({ keyframes: typeof keyframes === 'function' ? keyframes([]) : keyframes })),
  99 |  
  
10:55:12 PM [vite] Internal server error: Transform failed with 1 error:
/Users/lxd/Projects/ai/open-film/open-film-service/web/src/features/storyboard/store.ts:97:86: ERROR: Expected "}" but found ")"
  Plugin: vite:esbuild
  File: /Users/lxd/Projects/ai/open-film/open-film-service/web/src/features/storyboard/store.ts:97:86
  
  Expected "}" but found ")"
  95 |    setViewMode: (mode) => set({ viewMode: mode }),
  96 |    setStoryPages: (pages) => set({ storyPages: pages }),
  97 |    setShots: (shots) => set({ shots: typeof shots === 'function' ? shots([]) : shots })),
     |                                                                                        ^
  98 |    setKeyframes: (keyframes) => set({ keyframes: typeof keyframes === 'function' ? keyframes([]) : keyframes })),
  99 |  
  
      at failureErrorWithLog (/Users/lxd/Projects/ai/open-film/open-film-service/web/node_modules/esbuild/lib/main.js:1467:15)
      at /Users/lxd/Projects/ai/open-film/open-film-service/web/node_modules/esbuild/lib/main.js:736:50
      at responseCallbacks.<computed> (/Users/lxd/Projects/ai/open-film/open-film-service/web/node_modules/esbuild/lib/main.js:603:9)
      at handleIncomingPacket (/Users/lxd/Projects/ai/open-film/open-film-service/web/node_modules/esbuild/lib/main.js:658:12)
      at Socket.readFromStdout (/Users/lxd/Projects/ai/open-film/open-film-service/web/node_modules/esbuild/lib/main.js:581:7)
      at Socket.emit (node:events:508:20)
      at addChunk (node:internal/streams/readable:564:12)
      at readableAddChunkPushByteMode (node:internal/streams/readable:515:3)
      at Readable.push (node:internal/streams/readable:395:5)
      at Pipe.onStreamRead (node:internal/stream_base_commons:189:23)
10:56:56 PM [vite] (client) hmr update /src/index.css, /src/features/storyboard/StoryboardModule.tsx, /src/features/storyboard/components/Sidebar.tsx, /src/features/storyboard/components/MainContent.tsx, /src/features/storyboard/components/KeyframeEditDialog.tsx, /src/features/storyboard/components/AIGenerateModal.tsx
11:07:00 PM [vite] (client) hmr update /src/features/storyboard/components/Sidebar.tsx, /src/index.css
11:07:07 PM [vite] (client) hmr update /src/features/storyboard/components/MainContent.tsx, /src/index.css
11:07:15 PM [vite] (client) hmr update /src/features/storyboard/components/MainContent.tsx, /src/index.css
11:07:21 PM [vite] (client) hmr update /src/features/storyboard/components/MainContent.tsx, /src/index.css
11:07:42 PM [vite] (client) hmr update /src/features/storyboard/components/MainContent.tsx, /src/index.css
11:08:07 PM [vite] (client) hmr update /src/features/storyboard/components/MainContent.tsx, /src/index.css
11:08:24 PM [vite] (client) hmr update /src/features/storyboard/components/AIGenerateModal.tsx, /src/index.css
11:09:03 PM [vite] (client) hmr update /src/features/storyboard/components/AIGenerateModal.tsx, /src/index.css
11:09:32 PM [vite] (client) page reload src/features/storyboard/types.ts
11:09:39 PM [vite] (client) hmr update /src/features/storyboard/components/MainContent.tsx, /src/index.css
11:10:02 PM [vite] (client) hmr update /src/features/storyboard/components/MainContent.tsx, /src/index.css
11:10:07 PM [vite] (client) hmr update /src/features/storyboard/components/MainContent.tsx, /src/index.css
11:10:12 PM [vite] (client) hmr update /src/features/storyboard/components/MainContent.tsx, /src/index.css
11:10:35 PM [vite] (client) page reload src/features/storyboard/mockData.ts
11:10:44 PM [vite] (client) page reload src/features/storyboard/mockData.ts
11:11:04 PM [vite] (client) page reload src/features/storyboard/mockData.ts
11:11:20 PM [vite] (client) page reload src/features/storyboard/mockData.ts
1:22:12 AM [vite] (client) hmr update /src/index.css, /src/features/storyboard/StoryboardModule.tsx, /src/features/storyboard/components/Sidebar.tsx, /src/features/storyboard/components/MainContent.tsx, /src/features/storyboard/components/KeyframeEditDialog.tsx, /src/features/storyboard/components/AIGenerateModal.tsx
1:22:22 AM [vite] (client) hmr update /src/index.css, /src/features/storyboard/StoryboardModule.tsx, /src/features/storyboard/components/Sidebar.tsx, /src/features/storyboard/components/MainContent.tsx, /src/features/storyboard/components/KeyframeEditDialog.tsx, /src/features/storyboard/components/AIGenerateModal.tsx
1:22:31 AM [vite] (client) hmr update /src/index.css, /src/features/storyboard/StoryboardModule.tsx, /src/features/storyboard/components/Sidebar.tsx, /src/features/storyboard/components/MainContent.tsx, /src/features/storyboard/components/KeyframeEditDialog.tsx, /src/features/storyboard/components/AIGenerateModal.tsx
1:22:44 AM [vite] (client) hmr update /src/features/storyboard/components/MainContent.tsx, /src/index.css
1:23:30 AM [vite] (client) hmr update /src/features/storyboard/components/MainContent.tsx, /src/index.css
10:19:05 AM [vite] (client) hmr update /src/features/project/ProjectLayout.tsx, /src/index.css
10:19:56 AM [vite] (client) hmr update /src/features/project/ProjectLayout.tsx, /src/index.css
10:33:59 AM [vite] (client) hmr update /src/features/storyboard/components/Sidebar.tsx, /src/index.css
10:46:08 AM [vite] (client) hmr update /src/index.css, /src/features/storyboard/StoryboardModule.tsx, /src/features/storyboard/components/Sidebar.tsx, /src/features/storyboard/components/MainContent.tsx, /src/features/storyboard/components/KeyframeEditDialog.tsx, /src/features/storyboard/components/AIGenerateModal.tsx, /src/features/storyboard/components/StoryPageCreateDialog.tsx
10:46:22 AM [vite] (client) hmr update /src/index.css, /src/features/storyboard/StoryboardModule.tsx, /src/features/storyboard/components/Sidebar.tsx, /src/features/storyboard/components/MainContent.tsx, /src/features/storyboard/components/KeyframeEditDialog.tsx, /src/features/storyboard/components/AIGenerateModal.tsx, /src/features/storyboard/components/StoryPageCreateDialog.tsx
10:46:36 AM [vite] (client) hmr update /src/index.css, /src/features/storyboard/StoryboardModule.tsx, /src/features/storyboard/components/Sidebar.tsx, /src/features/storyboard/components/MainContent.tsx, /src/features/storyboard/components/KeyframeEditDialog.tsx, /src/features/storyboard/components/AIGenerateModal.tsx, /src/features/storyboard/components/StoryPageCreateDialog.tsx
10:46:59 AM [vite] (client) hmr update /src/index.css, /src/features/storyboard/StoryboardModule.tsx, /src/features/storyboard/components/Sidebar.tsx, /src/features/storyboard/components/MainContent.tsx, /src/features/storyboard/components/KeyframeEditDialog.tsx, /src/features/storyboard/components/AIGenerateModal.tsx, /src/features/storyboard/components/StoryPageCreateDialog.tsx
10:47:06 AM [vite] (client) hmr update /src/features/storyboard/components/StoryPageCreateDialog.tsx, /src/index.css
10:47:14 AM [vite] (client) hmr update /src/features/storyboard/components/StoryPageCreateDialog.tsx, /src/index.css
10:56:37 AM [vite] (client) hmr update /src/index.css, /src/features/auth/Login.tsx, /src/features/dashboard/ProjectDashboard.tsx, /src/features/document/FilePanel.tsx, /src/App.tsx, /src/features/project/ProjectLayout.tsx, /src/features/chat/components/ant-x/AntChatContainer.tsx, /src/features/chat/components/ant-x/AntMessageInput.tsx, /src/features/chat/components/SessionList.tsx, /src/features/assets/characters/CharacterTab.tsx, /src/features/video-canvas/VideoCanvas.tsx, /src/features/assets/scenes/SceneTab.tsx, /src/features/assets/props/PropTab.tsx, /src/features/storyboard/StoryboardModule.tsx, /src/features/storyboard/components/Sidebar.tsx, /src/features/storyboard/components/MainContent.tsx, /src/features/storyboard/components/KeyframeEditDialog.tsx, /src/features/storyboard/components/AIGenerateModal.tsx, /src/features/storyboard/components/StoryPageCreateDialog.tsx
10:59:22 AM [vite] (client) hmr update /src/index.css, /src/App.tsx, /src/features/project/ProjectLayout.tsx, /src/features/chat/components/ant-x/AntChatContainer.tsx, /src/features/chat/components/ant-x/AntMessageInput.tsx, /src/features/chat/components/SessionList.tsx
10:59:31 AM [vite] (client) hmr update /src/index.css, /src/App.tsx, /src/features/project/ProjectLayout.tsx, /src/features/chat/components/ant-x/AntChatContainer.tsx, /src/features/chat/components/ant-x/AntMessageInput.tsx, /src/features/chat/components/SessionList.tsx
10:59:39 AM [vite] (client) hmr update /src/index.css, /src/App.tsx, /src/features/project/ProjectLayout.tsx, /src/features/chat/components/ant-x/AntChatContainer.tsx, /src/features/chat/components/ant-x/AntMessageInput.tsx, /src/features/chat/components/SessionList.tsx
11:09:13 AM [vite] (client) hmr update /src/index.css, /src/features/storyboard/StoryboardModule.tsx, /src/features/storyboard/components/Sidebar.tsx, /src/features/storyboard/components/MainContent.tsx, /src/features/storyboard/components/KeyframeEditDialog.tsx, /src/features/storyboard/components/AIGenerateModal.tsx, /src/features/storyboard/components/StoryPageCreateDialog.tsx
11:16:26 AM [vite] http proxy error: /api/v1/agents
AggregateError [ECONNREFUSED]: 
    at internalConnectMultiple (node:net:1193:18)
    at afterConnectMultiple (node:net:1783:7)
11:16:26 AM [vite] http proxy error: /api/v1/projects/83ab3aea-eb32-4a54-a684-899bde4975c9/files?all=true
AggregateError [ECONNREFUSED]: 
    at internalConnectMultiple (node:net:1193:18)
    at afterConnectMultiple (node:net:1783:7)
11:16:26 AM [vite] http proxy error: /api/v1/projects/83ab3aea-eb32-4a54-a684-899bde4975c9/characters
AggregateError [ECONNREFUSED]: 
    at internalConnectMultiple (node:net:1193:18)
    at afterConnectMultiple (node:net:1783:7)
11:16:26 AM [vite] http proxy error: /api/v1/projects/83ab3aea-eb32-4a54-a684-899bde4975c9/boards
AggregateError [ECONNREFUSED]: 
    at internalConnectMultiple (node:net:1193:18)
    at afterConnectMultiple (node:net:1783:7)
11:16:26 AM [vite] http proxy error: /api/v1/chat/sessions?projectId=83ab3aea-eb32-4a54-a684-899bde4975c9
AggregateError [ECONNREFUSED]: 
    at internalConnectMultiple (node:net:1193:18)
    at afterConnectMultiple (node:net:1783:7)
11:16:26 AM [vite] http proxy error: /api/v1/projects/83ab3aea-eb32-4a54-a684-899bde4975c9/folders
AggregateError [ECONNREFUSED]: 
    at internalConnectMultiple (node:net:1193:18)
    at afterConnectMultiple (node:net:1783:7)
11:16:26 AM [vite] http proxy error: /api/v1/agents
AggregateError [ECONNREFUSED]: 
    at internalConnectMultiple (node:net:1193:18)
    at afterConnectMultiple (node:net:1783:7)
11:16:26 AM [vite] http proxy error: /api/v1/projects/83ab3aea-eb32-4a54-a684-899bde4975c9/files?all=true
AggregateError [ECONNREFUSED]: 
    at internalConnectMultiple (node:net:1193:18)
    at afterConnectMultiple (node:net:1783:7)
11:16:26 AM [vite] http proxy error: /api/v1/projects/83ab3aea-eb32-4a54-a684-899bde4975c9/characters
AggregateError [ECONNREFUSED]: 
    at internalConnectMultiple (node:net:1193:18)
    at afterConnectMultiple (node:net:1783:7)
11:16:26 AM [vite] http proxy error: /api/v1/projects/83ab3aea-eb32-4a54-a684-899bde4975c9/boards
AggregateError [ECONNREFUSED]: 
    at internalConnectMultiple (node:net:1193:18)
    at afterConnectMultiple (node:net:1783:7)
11:16:26 AM [vite] http proxy error: /api/v1/chat/sessions?projectId=83ab3aea-eb32-4a54-a684-899bde4975c9
AggregateError [ECONNREFUSED]: 
    at internalConnectMultiple (node:net:1193:18)
    at afterConnectMultiple (node:net:1783:7)
11:16:26 AM [vite] http proxy error: /api/v1/projects/83ab3aea-eb32-4a54-a684-899bde4975c9/folders
AggregateError [ECONNREFUSED]: 
    at internalConnectMultiple (node:net:1193:18)
    at afterConnectMultiple (node:net:1783:7)
11:40:36 AM [vite] (client) hmr update /src/features/storyboard/components/StoryPageCreateDialog.tsx, /src/index.css
11:40:44 AM [vite] (client) hmr update /src/index.css, /src/features/storyboard/StoryboardModule.tsx, /src/features/storyboard/components/Sidebar.tsx, /src/features/storyboard/components/MainContent.tsx, /src/features/storyboard/components/KeyframeEditDialog.tsx, /src/features/storyboard/components/AIGenerateModal.tsx, /src/features/storyboard/components/StoryPageCreateDialog.tsx
11:42:52 AM [vite] (client) hmr update /src/features/storyboard/StoryboardModule.tsx, /src/index.css
12:02:29 PM [vite] (client) hmr update /src/index.css, /src/features/storyboard/StoryboardModule.tsx, /src/features/storyboard/components/Sidebar.tsx, /src/features/storyboard/components/MainContent.tsx, /src/features/storyboard/components/KeyframeEditDialog.tsx, /src/features/storyboard/components/AIGenerateModal.tsx, /src/features/storyboard/components/StoryPageCreateDialog.tsx
12:03:11 PM [vite] (client) hmr update /src/index.css, /src/features/storyboard/StoryboardModule.tsx, /src/features/storyboard/components/Sidebar.tsx, /src/features/storyboard/components/MainContent.tsx, /src/features/storyboard/components/KeyframeEditDialog.tsx, /src/features/storyboard/components/AIGenerateModal.tsx, /src/features/storyboard/components/StoryPageCreateDialog.tsx
12:03:44 PM [vite] (client) hmr update /src/index.css, /src/features/storyboard/StoryboardModule.tsx, /src/features/storyboard/components/Sidebar.tsx, /src/features/storyboard/components/MainContent.tsx, /src/features/storyboard/components/KeyframeEditDialog.tsx, /src/features/storyboard/components/AIGenerateModal.tsx, /src/features/storyboard/components/StoryPageCreateDialog.tsx
12:11:13 PM [vite] (client) hmr update /src/index.css, /src/features/storyboard/StoryboardModule.tsx, /src/features/storyboard/components/Sidebar.tsx, /src/features/storyboard/components/MainContent.tsx, /src/features/storyboard/components/KeyframeEditDialog.tsx, /src/features/storyboard/components/AIGenerateModal.tsx, /src/features/storyboard/components/StoryPageCreateDialog.tsx
12:11:18 PM [vite] (client) hmr update /src/index.css, /src/features/storyboard/StoryboardModule.tsx, /src/features/storyboard/components/Sidebar.tsx, /src/features/storyboard/components/MainContent.tsx, /src/features/storyboard/components/KeyframeEditDialog.tsx, /src/features/storyboard/components/AIGenerateModal.tsx, /src/features/storyboard/components/StoryPageCreateDialog.tsx
12:11:21 PM [vite] (client) hmr update /src/index.css, /src/features/storyboard/StoryboardModule.tsx, /src/features/storyboard/components/Sidebar.tsx, /src/features/storyboard/components/MainContent.tsx, /src/features/storyboard/components/KeyframeEditDialog.tsx, /src/features/storyboard/components/AIGenerateModal.tsx, /src/features/storyboard/components/StoryPageCreateDialog.tsx
12:11:30 PM [vite] (client) hmr update /src/index.css, /src/features/storyboard/StoryboardModule.tsx, /src/features/storyboard/components/Sidebar.tsx, /src/features/storyboard/components/MainContent.tsx, /src/features/storyboard/components/KeyframeEditDialog.tsx, /src/features/storyboard/components/AIGenerateModal.tsx, /src/features/storyboard/components/StoryPageCreateDialog.tsx
12:11:35 PM [vite] (client) hmr update /src/features/storyboard/components/Sidebar.tsx, /src/index.css
12:11:40 PM [vite] (client) hmr update /src/features/storyboard/components/Sidebar.tsx, /src/index.css
12:11:49 PM [vite] (client) hmr update /src/features/storyboard/components/Sidebar.tsx, /src/index.css
12:11:53 PM [vite] (client) hmr update /src/features/storyboard/components/Sidebar.tsx, /src/index.css
12:12:02 PM [vite] (client) hmr update /src/features/storyboard/StoryboardModule.tsx, /src/index.css
1:05:00 PM [vite] (client) hmr update /src/index.css, /src/features/storyboard/StoryboardModule.tsx, /src/features/storyboard/components/Sidebar.tsx, /src/features/storyboard/components/MainContent.tsx, /src/features/storyboard/components/KeyframeEditDialog.tsx, /src/features/storyboard/components/AIGenerateModal.tsx, /src/features/storyboard/components/StoryPageCreateDialog.tsx, /src/features/storyboard/components/BoardCreateDialog.tsx
1:05:07 PM [vite] (client) page reload src/features/storyboard/types.ts
1:05:12 PM [vite] (client) hmr update /src/index.css, /src/features/storyboard/StoryboardModule.tsx, /src/features/storyboard/components/Sidebar.tsx, /src/features/storyboard/components/MainContent.tsx, /src/features/storyboard/components/KeyframeEditDialog.tsx, /src/features/storyboard/components/AIGenerateModal.tsx, /src/features/storyboard/components/StoryPageCreateDialog.tsx, /src/features/storyboard/components/BoardCreateDialog.tsx
1:07:11 PM [vite] (client) page reload src/features/storyboard/types.ts
1:16:02 PM [vite] (client) hmr update /src/features/storyboard/components/MainContent.tsx, /src/index.css
1:16:07 PM [vite] (client) hmr update /src/features/storyboard/components/MainContent.tsx, /src/index.css
1:16:15 PM [vite] (client) hmr update /src/features/storyboard/components/MainContent.tsx, /src/index.css
1:16:27 PM [vite] (client) hmr update /src/features/storyboard/components/MainContent.tsx, /src/index.css
1:16:39 PM [vite] (client) hmr update /src/features/storyboard/components/MainContent.tsx, /src/index.css
1:16:48 PM [vite] (client) hmr update /src/features/storyboard/components/MainContent.tsx, /src/index.css
1:18:21 PM [vite] (client) hmr update /src/features/storyboard/components/MainContent.tsx, /src/index.css
1:19:54 PM [vite] (client) hmr update /src/features/storyboard/components/MainContent.tsx, /src/index.css
1:29:14 PM [vite] (client) hmr update /src/features/storyboard/components/BatchGenerateModal.tsx, /src/index.css
1:29:25 PM [vite] (client) hmr update /src/features/storyboard/components/BatchGenerateModal.tsx, /src/index.css
1:46:49 PM [vite] (client) hmr update /src/features/storyboard/components/BatchGenerateModal.tsx, /src/index.css
1:47:23 PM [vite] (client) page reload src/features/storyboard/types.ts
1:47:50 PM [vite] (client) page reload src/features/storyboard/mockData.ts
1:54:36 PM [vite] (client) hmr update /src/features/storyboard/components/BatchGenerateModal.tsx, /src/index.css
1:56:20 PM [vite] (client) hmr update /src/features/storyboard/components/BatchGenerateModal.tsx, /src/index.css
1:57:22 PM [vite] http proxy error: /api/v1/projects/83ab3aea-eb32-4a54-a684-899bde4975c9/folders
AggregateError [ETIMEDOUT]: 
    at internalConnectMultiple (node:net:1193:18)
    at afterConnectMultiple (node:net:1783:7)
1:57:22 PM [vite] http proxy error: /api/v1/agents
AggregateError [ETIMEDOUT]: 
    at internalConnectMultiple (node:net:1193:18)
    at afterConnectMultiple (node:net:1783:7)
1:57:22 PM [vite] http proxy error: /api/v1/projects/83ab3aea-eb32-4a54-a684-899bde4975c9/files?all=true
AggregateError [ETIMEDOUT]: 
    at internalConnectMultiple (node:net:1193:18)
    at afterConnectMultiple (node:net:1783:7)
1:57:23 PM [vite] http proxy error: /api/v1/chat/sessions?projectId=83ab3aea-eb32-4a54-a684-899bde4975c9
AggregateError [ETIMEDOUT]: 
    at internalConnectMultiple (node:net:1193:18)
    at afterConnectMultiple (node:net:1783:7)
1:57:23 PM [vite] http proxy error: /api/v1/projects/83ab3aea-eb32-4a54-a684-899bde4975c9/characters
AggregateError [ETIMEDOUT]: 
    at internalConnectMultiple (node:net:1193:18)
    at afterConnectMultiple (node:net:1783:7)
2:08:33 PM [vite] (client) hmr update /src/features/storyboard/components/MainContent.tsx, /src/index.css
2:16:12 PM [vite] (client) hmr update /src/index.css, /src/features/storyboard/StoryboardModule.tsx, /src/features/storyboard/components/Sidebar.tsx, /src/features/storyboard/components/MainContent.tsx, /src/features/storyboard/components/KeyframeEditDialog.tsx, /src/features/storyboard/components/AIGenerateModal.tsx, /src/features/storyboard/components/StoryPageCreateDialog.tsx, /src/features/storyboard/components/BoardCreateDialog.tsx, /src/features/storyboard/components/BatchGenerateModal.tsx
2:16:25 PM [vite] (client) hmr update /src/index.css, /src/features/storyboard/StoryboardModule.tsx, /src/features/storyboard/components/Sidebar.tsx, /src/features/storyboard/components/MainContent.tsx, /src/features/storyboard/components/KeyframeEditDialog.tsx, /src/features/storyboard/components/AIGenerateModal.tsx, /src/features/storyboard/components/StoryPageCreateDialog.tsx, /src/features/storyboard/components/BoardCreateDialog.tsx, /src/features/storyboard/components/BatchGenerateModal.tsx
2:32:03 PM [vite] (client) hmr update /src/features/storyboard/components/BatchGenerateModal.tsx, /src/index.css
